{"/Users/kidmellowgraphics/Documents/CODING/vscode-projects/employee_task_manager/static/js/main.js": {"path":"/Users/kidmellowgraphics/Documents/CODING/vscode-projects/employee_task_manager/static/js/main.js","statementMap":{"0":{"start":{"line":1,"column":0},"end":{"line":594,"column":21}},"1":{"start":{"line":4,"column":24},"end":{"line":568,"column":5}},"2":{"start":{"line":14,"column":12},"end":{"line":14,"column":33}},"3":{"start":{"line":15,"column":12},"end":{"line":15,"column":30}},"4":{"start":{"line":16,"column":12},"end":{"line":16,"column":40}},"5":{"start":{"line":17,"column":12},"end":{"line":17,"column":40}},"6":{"start":{"line":19,"column":12},"end":{"line":19,"column":65}},"7":{"start":{"line":23,"column":12},"end":{"line":30,"column":14}},"8":{"start":{"line":34,"column":12},"end":{"line":34,"column":35}},"9":{"start":{"line":36,"column":12},"end":{"line":36,"column":37}},"10":{"start":{"line":38,"column":12},"end":{"line":38,"column":39}},"11":{"start":{"line":40,"column":12},"end":{"line":40,"column":38}},"12":{"start":{"line":42,"column":12},"end":{"line":42,"column":40}},"13":{"start":{"line":44,"column":12},"end":{"line":44,"column":41}},"14":{"start":{"line":46,"column":12},"end":{"line":46,"column":88}},"15":{"start":{"line":47,"column":12},"end":{"line":47,"column":76}},"16":{"start":{"line":48,"column":12},"end":{"line":48,"column":78}},"17":{"start":{"line":52,"column":12},"end":{"line":52,"column":32}},"18":{"start":{"line":53,"column":12},"end":{"line":53,"column":32}},"19":{"start":{"line":54,"column":12},"end":{"line":54,"column":36}},"20":{"start":{"line":55,"column":12},"end":{"line":55,"column":38}},"21":{"start":{"line":59,"column":12},"end":{"line":65,"column":15}},"22":{"start":{"line":60,"column":16},"end":{"line":64,"column":45}},"23":{"start":{"line":61,"column":20},"end":{"line":63,"column":21}},"24":{"start":{"line":62,"column":24},"end":{"line":62,"column":49}},"25":{"start":{"line":69,"column":12},"end":{"line":69,"column":43}},"26":{"start":{"line":70,"column":12},"end":{"line":74,"column":46}},"27":{"start":{"line":71,"column":16},"end":{"line":73,"column":17}},"28":{"start":{"line":72,"column":20},"end":{"line":72,"column":35}},"29":{"start":{"line":78,"column":12},"end":{"line":83,"column":15}},"30":{"start":{"line":79,"column":16},"end":{"line":82,"column":19}},"31":{"start":{"line":80,"column":20},"end":{"line":80,"column":39}},"32":{"start":{"line":81,"column":20},"end":{"line":81,"column":48}},"33":{"start":{"line":87,"column":29},"end":{"line":87,"column":47}},"34":{"start":{"line":88,"column":30},"end":{"line":88,"column":73}},"35":{"start":{"line":90,"column":33},"end":{"line":90,"column":52}},"36":{"start":{"line":91,"column":12},"end":{"line":91,"column":140}},"37":{"start":{"line":92,"column":12},"end":{"line":92,"column":38}},"38":{"start":{"line":94,"column":30},"end":{"line":94,"column":49}},"39":{"start":{"line":95,"column":12},"end":{"line":99,"column":13}},"40":{"start":{"line":96,"column":16},"end":{"line":96,"column":99}},"41":{"start":{"line":97,"column":16},"end":{"line":97,"column":60}},"42":{"start":{"line":98,"column":16},"end":{"line":98,"column":23}},"43":{"start":{"line":101,"column":12},"end":{"line":128,"column":15}},"44":{"start":{"line":109,"column":16},"end":{"line":111,"column":17}},"45":{"start":{"line":110,"column":20},"end":{"line":110,"column":87}},"46":{"start":{"line":112,"column":16},"end":{"line":112,"column":39}},"47":{"start":{"line":115,"column":16},"end":{"line":120,"column":17}},"48":{"start":{"line":116,"column":20},"end":{"line":116,"column":63}},"49":{"start":{"line":117,"column":20},"end":{"line":117,"column":90}},"50":{"start":{"line":119,"column":20},"end":{"line":119,"column":69}},"51":{"start":{"line":123,"column":16},"end":{"line":123,"column":61}},"52":{"start":{"line":124,"column":16},"end":{"line":124,"column":74}},"53":{"start":{"line":127,"column":16},"end":{"line":127,"column":60}},"54":{"start":{"line":132,"column":29},"end":{"line":132,"column":55}},"55":{"start":{"line":133,"column":12},"end":{"line":145,"column":13}},"56":{"start":{"line":134,"column":36},"end":{"line":134,"column":75}},"57":{"start":{"line":135,"column":16},"end":{"line":138,"column":17}},"58":{"start":{"line":136,"column":20},"end":{"line":136,"column":66}},"59":{"start":{"line":137,"column":20},"end":{"line":137,"column":89}},"60":{"start":{"line":140,"column":36},"end":{"line":140,"column":75}},"61":{"start":{"line":141,"column":16},"end":{"line":144,"column":17}},"62":{"start":{"line":142,"column":20},"end":{"line":142,"column":77}},"63":{"start":{"line":143,"column":20},"end":{"line":143,"column":88}},"64":{"start":{"line":149,"column":12},"end":{"line":149,"column":53}},"65":{"start":{"line":149,"column":46},"end":{"line":149,"column":53}},"66":{"start":{"line":152,"column":12},"end":{"line":157,"column":15}},"67":{"start":{"line":153,"column":16},"end":{"line":153,"column":44}},"68":{"start":{"line":154,"column":16},"end":{"line":156,"column":46}},"69":{"start":{"line":155,"column":20},"end":{"line":155,"column":67}},"70":{"start":{"line":161,"column":12},"end":{"line":161,"column":44}},"71":{"start":{"line":161,"column":37},"end":{"line":161,"column":44}},"72":{"start":{"line":163,"column":30},"end":{"line":163,"column":78}},"73":{"start":{"line":164,"column":12},"end":{"line":164,"column":35}},"74":{"start":{"line":164,"column":28},"end":{"line":164,"column":35}},"75":{"start":{"line":166,"column":12},"end":{"line":166,"column":82}},"76":{"start":{"line":168,"column":12},"end":{"line":189,"column":19}},"77":{"start":{"line":170,"column":20},"end":{"line":172,"column":21}},"78":{"start":{"line":171,"column":24},"end":{"line":171,"column":57}},"79":{"start":{"line":173,"column":20},"end":{"line":173,"column":43}},"80":{"start":{"line":176,"column":38},"end":{"line":176,"column":82}},"81":{"start":{"line":177,"column":38},"end":{"line":177,"column":75}},"82":{"start":{"line":179,"column":20},"end":{"line":184,"column":22}},"83":{"start":{"line":187,"column":20},"end":{"line":187,"column":66}},"84":{"start":{"line":188,"column":20},"end":{"line":188,"column":109}},"85":{"start":{"line":193,"column":36},"end":{"line":193,"column":91}},"86":{"start":{"line":195,"column":12},"end":{"line":201,"column":15}},"87":{"start":{"line":196,"column":16},"end":{"line":200,"column":19}},"88":{"start":{"line":197,"column":20},"end":{"line":199,"column":21}},"89":{"start":{"line":198,"column":24},"end":{"line":198,"column":43}},"90":{"start":{"line":205,"column":26},"end":{"line":205,"column":30}},"91":{"start":{"line":206,"column":35},"end":{"line":206,"column":70}},"92":{"start":{"line":208,"column":12},"end":{"line":210,"column":15}},"93":{"start":{"line":209,"column":16},"end":{"line":209,"column":53}},"94":{"start":{"line":211,"column":12},"end":{"line":215,"column":15}},"95":{"start":{"line":212,"column":16},"end":{"line":214,"column":17}},"96":{"start":{"line":213,"column":20},"end":{"line":213,"column":38}},"97":{"start":{"line":217,"column":12},"end":{"line":222,"column":15}},"98":{"start":{"line":218,"column":16},"end":{"line":221,"column":17}},"99":{"start":{"line":219,"column":20},"end":{"line":219,"column":73}},"100":{"start":{"line":220,"column":20},"end":{"line":220,"column":36}},"101":{"start":{"line":224,"column":32},"end":{"line":224,"column":76}},"102":{"start":{"line":225,"column":12},"end":{"line":230,"column":15}},"103":{"start":{"line":226,"column":16},"end":{"line":229,"column":17}},"104":{"start":{"line":227,"column":20},"end":{"line":227,"column":85}},"105":{"start":{"line":228,"column":20},"end":{"line":228,"column":36}},"106":{"start":{"line":232,"column":35},"end":{"line":232,"column":82}},"107":{"start":{"line":233,"column":12},"end":{"line":239,"column":13}},"108":{"start":{"line":234,"column":47},"end":{"line":234,"column":61}},"109":{"start":{"line":235,"column":16},"end":{"line":238,"column":17}},"110":{"start":{"line":236,"column":20},"end":{"line":236,"column":77}},"111":{"start":{"line":237,"column":20},"end":{"line":237,"column":36}},"112":{"start":{"line":241,"column":12},"end":{"line":241,"column":27}},"113":{"start":{"line":245,"column":12},"end":{"line":245,"column":46}},"114":{"start":{"line":247,"column":31},"end":{"line":247,"column":82}},"115":{"start":{"line":248,"column":12},"end":{"line":252,"column":13}},"116":{"start":{"line":249,"column":16},"end":{"line":249,"column":61}},"117":{"start":{"line":250,"column":16},"end":{"line":250,"column":68}},"118":{"start":{"line":251,"column":16},"end":{"line":251,"column":59}},"119":{"start":{"line":254,"column":12},"end":{"line":254,"column":47}},"120":{"start":{"line":258,"column":12},"end":{"line":263,"column":13}},"121":{"start":{"line":259,"column":16},"end":{"line":259,"column":45}},"122":{"start":{"line":260,"column":16},"end":{"line":262,"column":26}},"123":{"start":{"line":261,"column":20},"end":{"line":261,"column":49}},"124":{"start":{"line":267,"column":12},"end":{"line":279,"column":19}},"125":{"start":{"line":269,"column":20},"end":{"line":271,"column":21}},"126":{"start":{"line":270,"column":24},"end":{"line":270,"column":57}},"127":{"start":{"line":272,"column":20},"end":{"line":272,"column":43}},"128":{"start":{"line":275,"column":20},"end":{"line":275,"column":50}},"129":{"start":{"line":278,"column":20},"end":{"line":278,"column":69}},"130":{"start":{"line":283,"column":26},"end":{"line":283,"column":49}},"131":{"start":{"line":285,"column":33},"end":{"line":291,"column":13}},"132":{"start":{"line":293,"column":12},"end":{"line":298,"column":15}},"133":{"start":{"line":294,"column":32},"end":{"line":294,"column":66}},"134":{"start":{"line":295,"column":16},"end":{"line":297,"column":17}},"135":{"start":{"line":296,"column":20},"end":{"line":296,"column":91}},"136":{"start":{"line":302,"column":29},"end":{"line":302,"column":33}},"137":{"start":{"line":303,"column":29},"end":{"line":303,"column":31}},"138":{"start":{"line":304,"column":26},"end":{"line":304,"column":45}},"139":{"start":{"line":305,"column":29},"end":{"line":305,"column":50}},"140":{"start":{"line":306,"column":26},"end":{"line":306,"column":31}},"141":{"start":{"line":308,"column":26},"end":{"line":316,"column":24}},"142":{"start":{"line":309,"column":16},"end":{"line":309,"column":36}},"143":{"start":{"line":310,"column":16},"end":{"line":310,"column":58}},"144":{"start":{"line":312,"column":16},"end":{"line":315,"column":17}},"145":{"start":{"line":313,"column":20},"end":{"line":313,"column":41}},"146":{"start":{"line":314,"column":20},"end":{"line":314,"column":46}},"147":{"start":{"line":320,"column":12},"end":{"line":339,"column":15}},"148":{"start":{"line":322,"column":16},"end":{"line":328,"column":17}},"149":{"start":{"line":323,"column":20},"end":{"line":323,"column":39}},"150":{"start":{"line":324,"column":40},"end":{"line":324,"column":108}},"151":{"start":{"line":325,"column":20},"end":{"line":327,"column":21}},"152":{"start":{"line":326,"column":24},"end":{"line":326,"column":44}},"153":{"start":{"line":330,"column":16},"end":{"line":338,"column":17}},"154":{"start":{"line":331,"column":42},"end":{"line":331,"column":90}},"155":{"start":{"line":332,"column":20},"end":{"line":337,"column":23}},"156":{"start":{"line":333,"column":39},"end":{"line":333,"column":70}},"157":{"start":{"line":334,"column":24},"end":{"line":336,"column":25}},"158":{"start":{"line":335,"column":28},"end":{"line":335,"column":43}},"159":{"start":{"line":343,"column":36},"end":{"line":343,"column":91}},"160":{"start":{"line":344,"column":12},"end":{"line":348,"column":13}},"161":{"start":{"line":345,"column":16},"end":{"line":347,"column":19}},"162":{"start":{"line":346,"column":20},"end":{"line":346,"column":51}},"163":{"start":{"line":352,"column":36},"end":{"line":352,"column":91}},"164":{"start":{"line":353,"column":12},"end":{"line":357,"column":13}},"165":{"start":{"line":354,"column":16},"end":{"line":356,"column":19}},"166":{"start":{"line":355,"column":20},"end":{"line":355,"column":51}},"167":{"start":{"line":361,"column":33},"end":{"line":361,"column":75}},"168":{"start":{"line":363,"column":29},"end":{"line":374,"column":14}},"169":{"start":{"line":364,"column":16},"end":{"line":373,"column":19}},"170":{"start":{"line":365,"column":20},"end":{"line":372,"column":21}},"171":{"start":{"line":366,"column":44},"end":{"line":366,"column":56}},"172":{"start":{"line":367,"column":44},"end":{"line":367,"column":91}},"173":{"start":{"line":369,"column":24},"end":{"line":371,"column":32}},"174":{"start":{"line":370,"column":28},"end":{"line":370,"column":66}},"175":{"start":{"line":376,"column":12},"end":{"line":379,"column":15}},"176":{"start":{"line":377,"column":16},"end":{"line":377,"column":39}},"177":{"start":{"line":378,"column":16},"end":{"line":378,"column":38}},"178":{"start":{"line":383,"column":26},"end":{"line":383,"column":60}},"179":{"start":{"line":385,"column":29},"end":{"line":392,"column":34}},"180":{"start":{"line":386,"column":16},"end":{"line":391,"column":19}},"181":{"start":{"line":387,"column":20},"end":{"line":390,"column":21}},"182":{"start":{"line":388,"column":24},"end":{"line":388,"column":57}},"183":{"start":{"line":389,"column":24},"end":{"line":389,"column":71}},"184":{"start":{"line":394,"column":12},"end":{"line":399,"column":15}},"185":{"start":{"line":395,"column":16},"end":{"line":395,"column":41}},"186":{"start":{"line":396,"column":16},"end":{"line":396,"column":58}},"187":{"start":{"line":397,"column":16},"end":{"line":397,"column":81}},"188":{"start":{"line":398,"column":16},"end":{"line":398,"column":39}},"189":{"start":{"line":404,"column":12},"end":{"line":404,"column":32}},"190":{"start":{"line":406,"column":12},"end":{"line":406,"column":37}},"191":{"start":{"line":408,"column":12},"end":{"line":408,"column":37}},"192":{"start":{"line":410,"column":12},"end":{"line":410,"column":39}},"193":{"start":{"line":414,"column":29},"end":{"line":414,"column":78}},"194":{"start":{"line":415,"column":12},"end":{"line":421,"column":13}},"195":{"start":{"line":416,"column":29},"end":{"line":416,"column":56}},"196":{"start":{"line":417,"column":16},"end":{"line":417,"column":44}},"197":{"start":{"line":418,"column":16},"end":{"line":418,"column":61}},"198":{"start":{"line":419,"column":16},"end":{"line":419,"column":58}},"199":{"start":{"line":420,"column":16},"end":{"line":420,"column":75}},"200":{"start":{"line":425,"column":27},"end":{"line":425,"column":79}},"201":{"start":{"line":427,"column":12},"end":{"line":437,"column":15}},"202":{"start":{"line":428,"column":16},"end":{"line":436,"column":17}},"203":{"start":{"line":429,"column":34},"end":{"line":429,"column":84}},"204":{"start":{"line":430,"column":20},"end":{"line":435,"column":21}},"205":{"start":{"line":431,"column":24},"end":{"line":431,"column":95}},"206":{"start":{"line":432,"column":24},"end":{"line":434,"column":25}},"207":{"start":{"line":433,"column":28},"end":{"line":433,"column":59}},"208":{"start":{"line":441,"column":32},"end":{"line":441,"column":76}},"209":{"start":{"line":442,"column":12},"end":{"line":444,"column":15}},"210":{"start":{"line":443,"column":16},"end":{"line":443,"column":55}},"211":{"start":{"line":446,"column":25},"end":{"line":446,"column":67}},"212":{"start":{"line":447,"column":12},"end":{"line":449,"column":13}},"213":{"start":{"line":448,"column":16},"end":{"line":448,"column":50}},"214":{"start":{"line":451,"column":27},"end":{"line":451,"column":71}},"215":{"start":{"line":452,"column":12},"end":{"line":454,"column":13}},"216":{"start":{"line":453,"column":16},"end":{"line":453,"column":59}},"217":{"start":{"line":458,"column":12},"end":{"line":460,"column":21}},"218":{"start":{"line":459,"column":16},"end":{"line":459,"column":33}},"219":{"start":{"line":462,"column":12},"end":{"line":462,"column":39}},"220":{"start":{"line":466,"column":30},"end":{"line":466,"column":44}},"221":{"start":{"line":467,"column":30},"end":{"line":467,"column":59}},"222":{"start":{"line":468,"column":12},"end":{"line":468,"column":58}},"223":{"start":{"line":469,"column":12},"end":{"line":469,"column":58}},"224":{"start":{"line":470,"column":12},"end":{"line":470,"column":52}},"225":{"start":{"line":471,"column":12},"end":{"line":471,"column":64}},"226":{"start":{"line":472,"column":12},"end":{"line":472,"column":49}},"227":{"start":{"line":474,"column":12},"end":{"line":476,"column":21}},"228":{"start":{"line":475,"column":16},"end":{"line":475,"column":35}},"229":{"start":{"line":480,"column":26},"end":{"line":480,"column":59}},"230":{"start":{"line":481,"column":38},"end":{"line":483,"column":14}},"231":{"start":{"line":482,"column":16},"end":{"line":482,"column":57}},"232":{"start":{"line":485,"column":12},"end":{"line":488,"column":13}},"233":{"start":{"line":486,"column":16},"end":{"line":486,"column":35}},"234":{"start":{"line":487,"column":16},"end":{"line":487,"column":35}},"235":{"start":{"line":492,"column":12},"end":{"line":492,"column":68}},"236":{"start":{"line":496,"column":12},"end":{"line":496,"column":93}},"237":{"start":{"line":500,"column":28},"end":{"line":505,"column":13}},"238":{"start":{"line":507,"column":29},"end":{"line":507,"column":58}},"239":{"start":{"line":508,"column":12},"end":{"line":508,"column":113}},"240":{"start":{"line":509,"column":12},"end":{"line":509,"column":51}},"241":{"start":{"line":510,"column":12},"end":{"line":514,"column":14}},"242":{"start":{"line":516,"column":30},"end":{"line":518,"column":58}},"243":{"start":{"line":520,"column":12},"end":{"line":526,"column":13}},"244":{"start":{"line":521,"column":16},"end":{"line":521,"column":71}},"245":{"start":{"line":523,"column":16},"end":{"line":525,"column":45}},"246":{"start":{"line":524,"column":20},"end":{"line":524,"column":48}},"247":{"start":{"line":530,"column":12},"end":{"line":531,"column":94}},"248":{"start":{"line":535,"column":31},"end":{"line":535,"column":59}},"249":{"start":{"line":536,"column":12},"end":{"line":536,"column":42}},"250":{"start":{"line":540,"column":12},"end":{"line":540,"column":44}},"251":{"start":{"line":541,"column":12},"end":{"line":541,"column":36}},"252":{"start":{"line":546,"column":12},"end":{"line":553,"column":14}},"253":{"start":{"line":547,"column":30},"end":{"line":550,"column":17}},"254":{"start":{"line":548,"column":20},"end":{"line":548,"column":42}},"255":{"start":{"line":549,"column":20},"end":{"line":549,"column":34}},"256":{"start":{"line":551,"column":16},"end":{"line":551,"column":38}},"257":{"start":{"line":552,"column":16},"end":{"line":552,"column":50}},"258":{"start":{"line":558,"column":12},"end":{"line":566,"column":14}},"259":{"start":{"line":559,"column":29},"end":{"line":559,"column":38}},"260":{"start":{"line":560,"column":32},"end":{"line":560,"column":36}},"261":{"start":{"line":561,"column":16},"end":{"line":565,"column":17}},"262":{"start":{"line":562,"column":20},"end":{"line":562,"column":46}},"263":{"start":{"line":563,"column":20},"end":{"line":563,"column":38}},"264":{"start":{"line":564,"column":20},"end":{"line":564,"column":64}},"265":{"start":{"line":564,"column":37},"end":{"line":564,"column":55}},"266":{"start":{"line":570,"column":4},"end":{"line":574,"column":5}},"267":{"start":{"line":571,"column":8},"end":{"line":571,"column":80}},"268":{"start":{"line":571,"column":60},"end":{"line":571,"column":78}},"269":{"start":{"line":573,"column":8},"end":{"line":573,"column":27}},"270":{"start":{"line":576,"column":4},"end":{"line":580,"column":6}},"271":{"start":{"line":582,"column":4},"end":{"line":584,"column":6}},"272":{"start":{"line":583,"column":8},"end":{"line":583,"column":43}},"273":{"start":{"line":586,"column":4},"end":{"line":588,"column":6}},"274":{"start":{"line":587,"column":8},"end":{"line":587,"column":56}},"275":{"start":{"line":590,"column":4},"end":{"line":592,"column":6}},"276":{"start":{"line":591,"column":8},"end":{"line":591,"column":52}}},"fnMap":{"0":{"name":"(anonymous_0)","decl":{"start":{"line":1,"column":1},"end":{"line":1,"column":2}},"loc":{"start":{"line":1,"column":28},"end":{"line":594,"column":1}},"line":1},"1":{"name":"(anonymous_1)","decl":{"start":{"line":13,"column":14},"end":{"line":13,"column":15}},"loc":{"start":{"line":13,"column":25},"end":{"line":20,"column":9}},"line":13},"2":{"name":"(anonymous_2)","decl":{"start":{"line":22,"column":23},"end":{"line":22,"column":24}},"loc":{"start":{"line":22,"column":34},"end":{"line":31,"column":9}},"line":22},"3":{"name":"(anonymous_3)","decl":{"start":{"line":33,"column":20},"end":{"line":33,"column":21}},"loc":{"start":{"line":33,"column":31},"end":{"line":49,"column":9}},"line":33},"4":{"name":"(anonymous_4)","decl":{"start":{"line":51,"column":30},"end":{"line":51,"column":31}},"loc":{"start":{"line":51,"column":41},"end":{"line":56,"column":9}},"line":51},"5":{"name":"(anonymous_5)","decl":{"start":{"line":58,"column":25},"end":{"line":58,"column":26}},"loc":{"start":{"line":58,"column":36},"end":{"line":66,"column":9}},"line":58},"6":{"name":"(anonymous_6)","decl":{"start":{"line":59,"column":41},"end":{"line":59,"column":42}},"loc":{"start":{"line":59,"column":50},"end":{"line":65,"column":13}},"line":59},"7":{"name":"(anonymous_7)","decl":{"start":{"line":60,"column":27},"end":{"line":60,"column":28}},"loc":{"start":{"line":60,"column":33},"end":{"line":64,"column":17}},"line":60},"8":{"name":"(anonymous_8)","decl":{"start":{"line":68,"column":22},"end":{"line":68,"column":23}},"loc":{"start":{"line":68,"column":38},"end":{"line":75,"column":9}},"line":68},"9":{"name":"(anonymous_9)","decl":{"start":{"line":70,"column":23},"end":{"line":70,"column":24}},"loc":{"start":{"line":70,"column":29},"end":{"line":74,"column":13}},"line":70},"10":{"name":"(anonymous_10)","decl":{"start":{"line":77,"column":27},"end":{"line":77,"column":28}},"loc":{"start":{"line":77,"column":38},"end":{"line":84,"column":9}},"line":77},"11":{"name":"(anonymous_11)","decl":{"start":{"line":78,"column":46},"end":{"line":78,"column":47}},"loc":{"start":{"line":78,"column":54},"end":{"line":83,"column":13}},"line":78},"12":{"name":"(anonymous_12)","decl":{"start":{"line":79,"column":48},"end":{"line":79,"column":49}},"loc":{"start":{"line":79,"column":55},"end":{"line":82,"column":17}},"line":79},"13":{"name":"(anonymous_13)","decl":{"start":{"line":86,"column":26},"end":{"line":86,"column":27}},"loc":{"start":{"line":86,"column":41},"end":{"line":129,"column":9}},"line":86},"14":{"name":"(anonymous_14)","decl":{"start":{"line":108,"column":18},"end":{"line":108,"column":19}},"loc":{"start":{"line":108,"column":30},"end":{"line":113,"column":13}},"line":108},"15":{"name":"(anonymous_15)","decl":{"start":{"line":114,"column":18},"end":{"line":114,"column":19}},"loc":{"start":{"line":114,"column":26},"end":{"line":121,"column":13}},"line":114},"16":{"name":"(anonymous_16)","decl":{"start":{"line":122,"column":19},"end":{"line":122,"column":20}},"loc":{"start":{"line":122,"column":28},"end":{"line":125,"column":13}},"line":122},"17":{"name":"(anonymous_17)","decl":{"start":{"line":126,"column":21},"end":{"line":126,"column":22}},"loc":{"start":{"line":126,"column":27},"end":{"line":128,"column":13}},"line":126},"18":{"name":"(anonymous_18)","decl":{"start":{"line":131,"column":35},"end":{"line":131,"column":36}},"loc":{"start":{"line":131,"column":56},"end":{"line":146,"column":9}},"line":131},"19":{"name":"(anonymous_19)","decl":{"start":{"line":148,"column":29},"end":{"line":148,"column":30}},"loc":{"start":{"line":148,"column":40},"end":{"line":158,"column":9}},"line":148},"20":{"name":"(anonymous_20)","decl":{"start":{"line":152,"column":66},"end":{"line":152,"column":67}},"loc":{"start":{"line":152,"column":73},"end":{"line":157,"column":13}},"line":152},"21":{"name":"(anonymous_21)","decl":{"start":{"line":154,"column":43},"end":{"line":154,"column":44}},"loc":{"start":{"line":154,"column":49},"end":{"line":156,"column":17}},"line":154},"22":{"name":"(anonymous_22)","decl":{"start":{"line":160,"column":35},"end":{"line":160,"column":36}},"loc":{"start":{"line":160,"column":54},"end":{"line":190,"column":9}},"line":160},"23":{"name":"(anonymous_23)","decl":{"start":{"line":169,"column":22},"end":{"line":169,"column":23}},"loc":{"start":{"line":169,"column":34},"end":{"line":174,"column":17}},"line":169},"24":{"name":"(anonymous_24)","decl":{"start":{"line":175,"column":22},"end":{"line":175,"column":23}},"loc":{"start":{"line":175,"column":30},"end":{"line":185,"column":17}},"line":175},"25":{"name":"(anonymous_25)","decl":{"start":{"line":186,"column":23},"end":{"line":186,"column":24}},"loc":{"start":{"line":186,"column":32},"end":{"line":189,"column":17}},"line":186},"26":{"name":"(anonymous_26)","decl":{"start":{"line":192,"column":28},"end":{"line":192,"column":29}},"loc":{"start":{"line":192,"column":39},"end":{"line":202,"column":9}},"line":192},"27":{"name":"(anonymous_27)","decl":{"start":{"line":195,"column":36},"end":{"line":195,"column":37}},"loc":{"start":{"line":195,"column":44},"end":{"line":201,"column":13}},"line":195},"28":{"name":"(anonymous_28)","decl":{"start":{"line":196,"column":48},"end":{"line":196,"column":49}},"loc":{"start":{"line":196,"column":55},"end":{"line":200,"column":17}},"line":196},"29":{"name":"(anonymous_29)","decl":{"start":{"line":204,"column":22},"end":{"line":204,"column":23}},"loc":{"start":{"line":204,"column":37},"end":{"line":242,"column":9}},"line":204},"30":{"name":"(anonymous_30)","decl":{"start":{"line":208,"column":57},"end":{"line":208,"column":58}},"loc":{"start":{"line":208,"column":66},"end":{"line":210,"column":13}},"line":208},"31":{"name":"(anonymous_31)","decl":{"start":{"line":211,"column":63},"end":{"line":211,"column":64}},"loc":{"start":{"line":211,"column":75},"end":{"line":215,"column":13}},"line":211},"32":{"name":"(anonymous_32)","decl":{"start":{"line":217,"column":35},"end":{"line":217,"column":36}},"loc":{"start":{"line":217,"column":44},"end":{"line":222,"column":13}},"line":217},"33":{"name":"(anonymous_33)","decl":{"start":{"line":225,"column":32},"end":{"line":225,"column":33}},"loc":{"start":{"line":225,"column":41},"end":{"line":230,"column":13}},"line":225},"34":{"name":"(anonymous_34)","decl":{"start":{"line":244,"column":24},"end":{"line":244,"column":25}},"loc":{"start":{"line":244,"column":49},"end":{"line":255,"column":9}},"line":244},"35":{"name":"(anonymous_35)","decl":{"start":{"line":257,"column":30},"end":{"line":257,"column":31}},"loc":{"start":{"line":257,"column":41},"end":{"line":264,"column":9}},"line":257},"36":{"name":"(anonymous_36)","decl":{"start":{"line":260,"column":28},"end":{"line":260,"column":29}},"loc":{"start":{"line":260,"column":34},"end":{"line":262,"column":17}},"line":260},"37":{"name":"(anonymous_37)","decl":{"start":{"line":266,"column":31},"end":{"line":266,"column":32}},"loc":{"start":{"line":266,"column":42},"end":{"line":280,"column":9}},"line":266},"38":{"name":"(anonymous_38)","decl":{"start":{"line":268,"column":22},"end":{"line":268,"column":23}},"loc":{"start":{"line":268,"column":34},"end":{"line":273,"column":17}},"line":268},"39":{"name":"(anonymous_39)","decl":{"start":{"line":274,"column":22},"end":{"line":274,"column":23}},"loc":{"start":{"line":274,"column":30},"end":{"line":276,"column":17}},"line":274},"40":{"name":"(anonymous_40)","decl":{"start":{"line":277,"column":23},"end":{"line":277,"column":24}},"loc":{"start":{"line":277,"column":32},"end":{"line":279,"column":17}},"line":277},"41":{"name":"(anonymous_41)","decl":{"start":{"line":282,"column":28},"end":{"line":282,"column":29}},"loc":{"start":{"line":282,"column":43},"end":{"line":299,"column":9}},"line":282},"42":{"name":"(anonymous_42)","decl":{"start":{"line":293,"column":49},"end":{"line":293,"column":50}},"loc":{"start":{"line":293,"column":73},"end":{"line":298,"column":13}},"line":293},"43":{"name":"(anonymous_43)","decl":{"start":{"line":301,"column":23},"end":{"line":301,"column":24}},"loc":{"start":{"line":301,"column":53},"end":{"line":317,"column":9}},"line":301},"44":{"name":"(anonymous_44)","decl":{"start":{"line":308,"column":38},"end":{"line":308,"column":39}},"loc":{"start":{"line":308,"column":44},"end":{"line":316,"column":13}},"line":308},"45":{"name":"(anonymous_45)","decl":{"start":{"line":319,"column":31},"end":{"line":319,"column":32}},"loc":{"start":{"line":319,"column":42},"end":{"line":340,"column":9}},"line":319},"46":{"name":"(anonymous_46)","decl":{"start":{"line":320,"column":49},"end":{"line":320,"column":50}},"loc":{"start":{"line":320,"column":56},"end":{"line":339,"column":13}},"line":320},"47":{"name":"(anonymous_47)","decl":{"start":{"line":332,"column":42},"end":{"line":332,"column":43}},"loc":{"start":{"line":332,"column":54},"end":{"line":337,"column":21}},"line":332},"48":{"name":"(anonymous_48)","decl":{"start":{"line":342,"column":22},"end":{"line":342,"column":23}},"loc":{"start":{"line":342,"column":33},"end":{"line":349,"column":9}},"line":342},"49":{"name":"(anonymous_49)","decl":{"start":{"line":345,"column":40},"end":{"line":345,"column":41}},"loc":{"start":{"line":345,"column":51},"end":{"line":347,"column":17}},"line":345},"50":{"name":"(anonymous_50)","decl":{"start":{"line":351,"column":22},"end":{"line":351,"column":23}},"loc":{"start":{"line":351,"column":33},"end":{"line":358,"column":9}},"line":351},"51":{"name":"(anonymous_51)","decl":{"start":{"line":354,"column":40},"end":{"line":354,"column":41}},"loc":{"start":{"line":354,"column":51},"end":{"line":356,"column":17}},"line":354},"52":{"name":"(anonymous_52)","decl":{"start":{"line":360,"column":26},"end":{"line":360,"column":27}},"loc":{"start":{"line":360,"column":37},"end":{"line":380,"column":9}},"line":360},"53":{"name":"(anonymous_53)","decl":{"start":{"line":363,"column":54},"end":{"line":363,"column":55}},"loc":{"start":{"line":363,"column":67},"end":{"line":374,"column":13}},"line":363},"54":{"name":"(anonymous_54)","decl":{"start":{"line":364,"column":32},"end":{"line":364,"column":33}},"loc":{"start":{"line":364,"column":41},"end":{"line":373,"column":17}},"line":364},"55":{"name":"(anonymous_55)","decl":{"start":{"line":369,"column":35},"end":{"line":369,"column":36}},"loc":{"start":{"line":369,"column":41},"end":{"line":371,"column":25}},"line":369},"56":{"name":"(anonymous_56)","decl":{"start":{"line":376,"column":33},"end":{"line":376,"column":34}},"loc":{"start":{"line":376,"column":40},"end":{"line":379,"column":13}},"line":376},"57":{"name":"(anonymous_57)","decl":{"start":{"line":382,"column":28},"end":{"line":382,"column":29}},"loc":{"start":{"line":382,"column":39},"end":{"line":400,"column":9}},"line":382},"58":{"name":"(anonymous_58)","decl":{"start":{"line":385,"column":54},"end":{"line":385,"column":55}},"loc":{"start":{"line":385,"column":67},"end":{"line":392,"column":13}},"line":385},"59":{"name":"(anonymous_59)","decl":{"start":{"line":386,"column":32},"end":{"line":386,"column":33}},"loc":{"start":{"line":386,"column":41},"end":{"line":391,"column":17}},"line":386},"60":{"name":"(anonymous_60)","decl":{"start":{"line":394,"column":26},"end":{"line":394,"column":27}},"loc":{"start":{"line":394,"column":34},"end":{"line":399,"column":13}},"line":394},"61":{"name":"(anonymous_61)","decl":{"start":{"line":402,"column":30},"end":{"line":402,"column":31}},"loc":{"start":{"line":402,"column":41},"end":{"line":411,"column":9}},"line":402},"62":{"name":"(anonymous_62)","decl":{"start":{"line":413,"column":22},"end":{"line":413,"column":23}},"loc":{"start":{"line":413,"column":33},"end":{"line":422,"column":9}},"line":413},"63":{"name":"(anonymous_63)","decl":{"start":{"line":424,"column":27},"end":{"line":424,"column":28}},"loc":{"start":{"line":424,"column":38},"end":{"line":438,"column":9}},"line":424},"64":{"name":"(anonymous_64)","decl":{"start":{"line":427,"column":27},"end":{"line":427,"column":28}},"loc":{"start":{"line":427,"column":36},"end":{"line":437,"column":13}},"line":427},"65":{"name":"(anonymous_65)","decl":{"start":{"line":440,"column":27},"end":{"line":440,"column":28}},"loc":{"start":{"line":440,"column":38},"end":{"line":455,"column":9}},"line":440},"66":{"name":"(anonymous_66)","decl":{"start":{"line":442,"column":32},"end":{"line":442,"column":33}},"loc":{"start":{"line":442,"column":39},"end":{"line":444,"column":13}},"line":442},"67":{"name":"(anonymous_67)","decl":{"start":{"line":457,"column":29},"end":{"line":457,"column":30}},"loc":{"start":{"line":457,"column":40},"end":{"line":463,"column":9}},"line":457},"68":{"name":"(anonymous_68)","decl":{"start":{"line":458,"column":49},"end":{"line":458,"column":50}},"loc":{"start":{"line":458,"column":56},"end":{"line":460,"column":13}},"line":458},"69":{"name":"(anonymous_69)","decl":{"start":{"line":465,"column":29},"end":{"line":465,"column":30}},"loc":{"start":{"line":465,"column":40},"end":{"line":477,"column":9}},"line":465},"70":{"name":"(anonymous_70)","decl":{"start":{"line":474,"column":23},"end":{"line":474,"column":24}},"loc":{"start":{"line":474,"column":29},"end":{"line":476,"column":13}},"line":474},"71":{"name":"(anonymous_71)","decl":{"start":{"line":479,"column":28},"end":{"line":479,"column":29}},"loc":{"start":{"line":479,"column":40},"end":{"line":489,"column":9}},"line":479},"72":{"name":"(anonymous_72)","decl":{"start":{"line":481,"column":61},"end":{"line":481,"column":62}},"loc":{"start":{"line":481,"column":69},"end":{"line":483,"column":13}},"line":481},"73":{"name":"(anonymous_73)","decl":{"start":{"line":491,"column":22},"end":{"line":491,"column":23}},"loc":{"start":{"line":491,"column":33},"end":{"line":493,"column":9}},"line":491},"74":{"name":"(anonymous_74)","decl":{"start":{"line":495,"column":23},"end":{"line":495,"column":24}},"loc":{"start":{"line":495,"column":34},"end":{"line":497,"column":9}},"line":495},"75":{"name":"(anonymous_75)","decl":{"start":{"line":499,"column":26},"end":{"line":499,"column":27}},"loc":{"start":{"line":499,"column":59},"end":{"line":527,"column":9}},"line":499},"76":{"name":"(anonymous_76)","decl":{"start":{"line":523,"column":27},"end":{"line":523,"column":28}},"loc":{"start":{"line":523,"column":33},"end":{"line":525,"column":17}},"line":523},"77":{"name":"(anonymous_77)","decl":{"start":{"line":529,"column":22},"end":{"line":529,"column":23}},"loc":{"start":{"line":529,"column":33},"end":{"line":532,"column":9}},"line":529},"78":{"name":"(anonymous_78)","decl":{"start":{"line":534,"column":22},"end":{"line":534,"column":23}},"loc":{"start":{"line":534,"column":38},"end":{"line":537,"column":9}},"line":534},"79":{"name":"(anonymous_79)","decl":{"start":{"line":539,"column":23},"end":{"line":539,"column":24}},"loc":{"start":{"line":539,"column":54},"end":{"line":542,"column":9}},"line":539},"80":{"name":"(anonymous_80)","decl":{"start":{"line":544,"column":18},"end":{"line":544,"column":19}},"loc":{"start":{"line":544,"column":39},"end":{"line":554,"column":9}},"line":544},"81":{"name":"executedFunction","decl":{"start":{"line":546,"column":28},"end":{"line":546,"column":44}},"loc":{"start":{"line":546,"column":54},"end":{"line":553,"column":13}},"line":546},"82":{"name":"(anonymous_82)","decl":{"start":{"line":547,"column":30},"end":{"line":547,"column":31}},"loc":{"start":{"line":547,"column":36},"end":{"line":550,"column":17}},"line":547},"83":{"name":"(anonymous_83)","decl":{"start":{"line":556,"column":18},"end":{"line":556,"column":19}},"loc":{"start":{"line":556,"column":40},"end":{"line":567,"column":9}},"line":556},"84":{"name":"(anonymous_84)","decl":{"start":{"line":558,"column":19},"end":{"line":558,"column":20}},"loc":{"start":{"line":558,"column":30},"end":{"line":566,"column":13}},"line":558},"85":{"name":"(anonymous_85)","decl":{"start":{"line":564,"column":31},"end":{"line":564,"column":32}},"loc":{"start":{"line":564,"column":37},"end":{"line":564,"column":55}},"line":564},"86":{"name":"(anonymous_86)","decl":{"start":{"line":571,"column":54},"end":{"line":571,"column":55}},"loc":{"start":{"line":571,"column":60},"end":{"line":571,"column":78}},"line":571},"87":{"name":"(anonymous_87)","decl":{"start":{"line":582,"column":30},"end":{"line":582,"column":31}},"loc":{"start":{"line":582,"column":45},"end":{"line":584,"column":5}},"line":582},"88":{"name":"(anonymous_88)","decl":{"start":{"line":586,"column":39},"end":{"line":586,"column":40}},"loc":{"start":{"line":586,"column":58},"end":{"line":588,"column":5}},"line":586},"89":{"name":"(anonymous_89)","decl":{"start":{"line":590,"column":30},"end":{"line":590,"column":31}},"loc":{"start":{"line":590,"column":54},"end":{"line":592,"column":5}},"line":590}},"branchMap":{"0":{"loc":{"start":{"line":61,"column":20},"end":{"line":63,"column":21}},"type":"if","locations":[{"start":{"line":61,"column":20},"end":{"line":63,"column":21}},{"start":{},"end":{}}],"line":61},"1":{"loc":{"start":{"line":61,"column":24},"end":{"line":61,"column":49}},"type":"binary-expr","locations":[{"start":{"line":61,"column":24},"end":{"line":61,"column":29}},{"start":{"line":61,"column":33},"end":{"line":61,"column":49}}],"line":61},"2":{"loc":{"start":{"line":71,"column":16},"end":{"line":73,"column":17}},"type":"if","locations":[{"start":{"line":71,"column":16},"end":{"line":73,"column":17}},{"start":{},"end":{}}],"line":71},"3":{"loc":{"start":{"line":95,"column":12},"end":{"line":99,"column":13}},"type":"if","locations":[{"start":{"line":95,"column":12},"end":{"line":99,"column":13}},{"start":{},"end":{}}],"line":95},"4":{"loc":{"start":{"line":109,"column":16},"end":{"line":111,"column":17}},"type":"if","locations":[{"start":{"line":109,"column":16},"end":{"line":111,"column":17}},{"start":{},"end":{}}],"line":109},"5":{"loc":{"start":{"line":115,"column":16},"end":{"line":120,"column":17}},"type":"if","locations":[{"start":{"line":115,"column":16},"end":{"line":120,"column":17}},{"start":{"line":118,"column":23},"end":{"line":120,"column":17}}],"line":115},"6":{"loc":{"start":{"line":119,"column":36},"end":{"line":119,"column":67}},"type":"binary-expr","locations":[{"start":{"line":119,"column":36},"end":{"line":119,"column":48}},{"start":{"line":119,"column":52},"end":{"line":119,"column":67}}],"line":119},"7":{"loc":{"start":{"line":133,"column":12},"end":{"line":145,"column":13}},"type":"if","locations":[{"start":{"line":133,"column":12},"end":{"line":145,"column":13}},{"start":{},"end":{}}],"line":133},"8":{"loc":{"start":{"line":133,"column":16},"end":{"line":133,"column":68}},"type":"binary-expr","locations":[{"start":{"line":133,"column":16},"end":{"line":133,"column":24}},{"start":{"line":133,"column":28},"end":{"line":133,"column":47}},{"start":{"line":133,"column":51},"end":{"line":133,"column":68}}],"line":133},"9":{"loc":{"start":{"line":135,"column":16},"end":{"line":138,"column":17}},"type":"if","locations":[{"start":{"line":135,"column":16},"end":{"line":138,"column":17}},{"start":{},"end":{}}],"line":135},"10":{"loc":{"start":{"line":141,"column":16},"end":{"line":144,"column":17}},"type":"if","locations":[{"start":{"line":141,"column":16},"end":{"line":144,"column":17}},{"start":{},"end":{}}],"line":141},"11":{"loc":{"start":{"line":141,"column":20},"end":{"line":141,"column":73}},"type":"binary-expr","locations":[{"start":{"line":141,"column":20},"end":{"line":141,"column":31}},{"start":{"line":141,"column":35},"end":{"line":141,"column":73}}],"line":141},"12":{"loc":{"start":{"line":149,"column":12},"end":{"line":149,"column":53}},"type":"if","locations":[{"start":{"line":149,"column":12},"end":{"line":149,"column":53}},{"start":{},"end":{}}],"line":149},"13":{"loc":{"start":{"line":161,"column":12},"end":{"line":161,"column":44}},"type":"if","locations":[{"start":{"line":161,"column":12},"end":{"line":161,"column":44}},{"start":{},"end":{}}],"line":161},"14":{"loc":{"start":{"line":164,"column":12},"end":{"line":164,"column":35}},"type":"if","locations":[{"start":{"line":164,"column":12},"end":{"line":164,"column":35}},{"start":{},"end":{}}],"line":164},"15":{"loc":{"start":{"line":170,"column":20},"end":{"line":172,"column":21}},"type":"if","locations":[{"start":{"line":170,"column":20},"end":{"line":172,"column":21}},{"start":{},"end":{}}],"line":170},"16":{"loc":{"start":{"line":176,"column":38},"end":{"line":176,"column":82}},"type":"cond-expr","locations":[{"start":{"line":176,"column":55},"end":{"line":176,"column":69}},{"start":{"line":176,"column":72},"end":{"line":176,"column":82}}],"line":176},"17":{"loc":{"start":{"line":177,"column":38},"end":{"line":177,"column":75}},"type":"cond-expr","locations":[{"start":{"line":177,"column":55},"end":{"line":177,"column":64}},{"start":{"line":177,"column":67},"end":{"line":177,"column":75}}],"line":177},"18":{"loc":{"start":{"line":197,"column":20},"end":{"line":199,"column":21}},"type":"if","locations":[{"start":{"line":197,"column":20},"end":{"line":199,"column":21}},{"start":{},"end":{}}],"line":197},"19":{"loc":{"start":{"line":212,"column":16},"end":{"line":214,"column":17}},"type":"if","locations":[{"start":{"line":212,"column":16},"end":{"line":214,"column":17}},{"start":{},"end":{}}],"line":212},"20":{"loc":{"start":{"line":218,"column":16},"end":{"line":221,"column":17}},"type":"if","locations":[{"start":{"line":218,"column":16},"end":{"line":221,"column":17}},{"start":{},"end":{}}],"line":218},"21":{"loc":{"start":{"line":226,"column":16},"end":{"line":229,"column":17}},"type":"if","locations":[{"start":{"line":226,"column":16},"end":{"line":229,"column":17}},{"start":{},"end":{}}],"line":226},"22":{"loc":{"start":{"line":226,"column":20},"end":{"line":226,"column":66}},"type":"binary-expr","locations":[{"start":{"line":226,"column":20},"end":{"line":226,"column":31}},{"start":{"line":226,"column":35},"end":{"line":226,"column":66}}],"line":226},"23":{"loc":{"start":{"line":233,"column":12},"end":{"line":239,"column":13}},"type":"if","locations":[{"start":{"line":233,"column":12},"end":{"line":239,"column":13}},{"start":{},"end":{}}],"line":233},"24":{"loc":{"start":{"line":235,"column":16},"end":{"line":238,"column":17}},"type":"if","locations":[{"start":{"line":235,"column":16},"end":{"line":238,"column":17}},{"start":{},"end":{}}],"line":235},"25":{"loc":{"start":{"line":248,"column":12},"end":{"line":252,"column":13}},"type":"if","locations":[{"start":{"line":248,"column":12},"end":{"line":252,"column":13}},{"start":{},"end":{}}],"line":248},"26":{"loc":{"start":{"line":258,"column":12},"end":{"line":263,"column":13}},"type":"if","locations":[{"start":{"line":258,"column":12},"end":{"line":263,"column":13}},{"start":{},"end":{}}],"line":258},"27":{"loc":{"start":{"line":269,"column":20},"end":{"line":271,"column":21}},"type":"if","locations":[{"start":{"line":269,"column":20},"end":{"line":271,"column":21}},{"start":{},"end":{}}],"line":269},"28":{"loc":{"start":{"line":283,"column":26},"end":{"line":283,"column":49}},"type":"binary-expr","locations":[{"start":{"line":283,"column":26},"end":{"line":283,"column":43}},{"start":{"line":283,"column":47},"end":{"line":283,"column":49}}],"line":283},"29":{"loc":{"start":{"line":295,"column":16},"end":{"line":297,"column":17}},"type":"if","locations":[{"start":{"line":295,"column":16},"end":{"line":297,"column":17}},{"start":{},"end":{}}],"line":295},"30":{"loc":{"start":{"line":295,"column":20},"end":{"line":295,"column":50}},"type":"binary-expr","locations":[{"start":{"line":295,"column":20},"end":{"line":295,"column":27}},{"start":{"line":295,"column":31},"end":{"line":295,"column":50}}],"line":295},"31":{"loc":{"start":{"line":296,"column":48},"end":{"line":296,"column":82}},"type":"binary-expr","locations":[{"start":{"line":296,"column":48},"end":{"line":296,"column":77}},{"start":{"line":296,"column":81},"end":{"line":296,"column":82}}],"line":296},"32":{"loc":{"start":{"line":312,"column":16},"end":{"line":315,"column":17}},"type":"if","locations":[{"start":{"line":312,"column":16},"end":{"line":315,"column":17}},{"start":{},"end":{}}],"line":312},"33":{"loc":{"start":{"line":312,"column":20},"end":{"line":312,"column":88}},"type":"binary-expr","locations":[{"start":{"line":312,"column":21},"end":{"line":312,"column":33}},{"start":{"line":312,"column":37},"end":{"line":312,"column":51}},{"start":{"line":312,"column":57},"end":{"line":312,"column":69}},{"start":{"line":312,"column":73},"end":{"line":312,"column":87}}],"line":312},"34":{"loc":{"start":{"line":322,"column":16},"end":{"line":328,"column":17}},"type":"if","locations":[{"start":{"line":322,"column":16},"end":{"line":328,"column":17}},{"start":{},"end":{}}],"line":322},"35":{"loc":{"start":{"line":322,"column":20},"end":{"line":322,"column":61}},"type":"binary-expr","locations":[{"start":{"line":322,"column":21},"end":{"line":322,"column":30}},{"start":{"line":322,"column":34},"end":{"line":322,"column":43}},{"start":{"line":322,"column":48},"end":{"line":322,"column":61}}],"line":322},"36":{"loc":{"start":{"line":325,"column":20},"end":{"line":327,"column":21}},"type":"if","locations":[{"start":{"line":325,"column":20},"end":{"line":327,"column":21}},{"start":{},"end":{}}],"line":325},"37":{"loc":{"start":{"line":330,"column":16},"end":{"line":338,"column":17}},"type":"if","locations":[{"start":{"line":330,"column":16},"end":{"line":338,"column":17}},{"start":{},"end":{}}],"line":330},"38":{"loc":{"start":{"line":334,"column":24},"end":{"line":336,"column":25}},"type":"if","locations":[{"start":{"line":334,"column":24},"end":{"line":336,"column":25}},{"start":{},"end":{}}],"line":334},"39":{"loc":{"start":{"line":334,"column":28},"end":{"line":334,"column":50}},"type":"binary-expr","locations":[{"start":{"line":334,"column":28},"end":{"line":334,"column":34}},{"start":{"line":334,"column":38},"end":{"line":334,"column":50}}],"line":334},"40":{"loc":{"start":{"line":344,"column":12},"end":{"line":348,"column":13}},"type":"if","locations":[{"start":{"line":344,"column":12},"end":{"line":348,"column":13}},{"start":{},"end":{}}],"line":344},"41":{"loc":{"start":{"line":344,"column":16},"end":{"line":344,"column":58}},"type":"binary-expr","locations":[{"start":{"line":344,"column":16},"end":{"line":344,"column":38}},{"start":{"line":344,"column":42},"end":{"line":344,"column":58}}],"line":344},"42":{"loc":{"start":{"line":353,"column":12},"end":{"line":357,"column":13}},"type":"if","locations":[{"start":{"line":353,"column":12},"end":{"line":357,"column":13}},{"start":{},"end":{}}],"line":353},"43":{"loc":{"start":{"line":353,"column":16},"end":{"line":353,"column":58}},"type":"binary-expr","locations":[{"start":{"line":353,"column":16},"end":{"line":353,"column":38}},{"start":{"line":353,"column":42},"end":{"line":353,"column":58}}],"line":353},"44":{"loc":{"start":{"line":365,"column":20},"end":{"line":372,"column":21}},"type":"if","locations":[{"start":{"line":365,"column":20},"end":{"line":372,"column":21}},{"start":{},"end":{}}],"line":365},"45":{"loc":{"start":{"line":387,"column":20},"end":{"line":390,"column":21}},"type":"if","locations":[{"start":{"line":387,"column":20},"end":{"line":390,"column":21}},{"start":{},"end":{}}],"line":387},"46":{"loc":{"start":{"line":415,"column":12},"end":{"line":421,"column":13}},"type":"if","locations":[{"start":{"line":415,"column":12},"end":{"line":421,"column":13}},{"start":{},"end":{}}],"line":415},"47":{"loc":{"start":{"line":428,"column":16},"end":{"line":436,"column":17}},"type":"if","locations":[{"start":{"line":428,"column":16},"end":{"line":436,"column":17}},{"start":{},"end":{}}],"line":428},"48":{"loc":{"start":{"line":428,"column":20},"end":{"line":428,"column":95}},"type":"binary-expr","locations":[{"start":{"line":428,"column":20},"end":{"line":428,"column":53}},{"start":{"line":428,"column":57},"end":{"line":428,"column":95}}],"line":428},"49":{"loc":{"start":{"line":430,"column":20},"end":{"line":435,"column":21}},"type":"if","locations":[{"start":{"line":430,"column":20},"end":{"line":435,"column":21}},{"start":{},"end":{}}],"line":430},"50":{"loc":{"start":{"line":431,"column":62},"end":{"line":431,"column":93}},"type":"binary-expr","locations":[{"start":{"line":431,"column":62},"end":{"line":431,"column":70}},{"start":{"line":431,"column":74},"end":{"line":431,"column":93}}],"line":431},"51":{"loc":{"start":{"line":432,"column":24},"end":{"line":434,"column":25}},"type":"if","locations":[{"start":{"line":432,"column":24},"end":{"line":434,"column":25}},{"start":{},"end":{}}],"line":432},"52":{"loc":{"start":{"line":447,"column":12},"end":{"line":449,"column":13}},"type":"if","locations":[{"start":{"line":447,"column":12},"end":{"line":449,"column":13}},{"start":{},"end":{}}],"line":447},"53":{"loc":{"start":{"line":452,"column":12},"end":{"line":454,"column":13}},"type":"if","locations":[{"start":{"line":452,"column":12},"end":{"line":454,"column":13}},{"start":{},"end":{}}],"line":452},"54":{"loc":{"start":{"line":485,"column":12},"end":{"line":488,"column":13}},"type":"if","locations":[{"start":{"line":485,"column":12},"end":{"line":488,"column":13}},{"start":{},"end":{}}],"line":485},"55":{"loc":{"start":{"line":499,"column":44},"end":{"line":499,"column":57}},"type":"default-arg","locations":[{"start":{"line":499,"column":51},"end":{"line":499,"column":57}}],"line":499},"56":{"loc":{"start":{"line":508,"column":48},"end":{"line":508,"column":82}},"type":"cond-expr","locations":[{"start":{"line":508,"column":67},"end":{"line":508,"column":75}},{"start":{"line":508,"column":78},"end":{"line":508,"column":82}}],"line":508},"57":{"loc":{"start":{"line":511,"column":34},"end":{"line":511,"column":63}},"type":"binary-expr","locations":[{"start":{"line":511,"column":34},"end":{"line":511,"column":47}},{"start":{"line":511,"column":51},"end":{"line":511,"column":63}}],"line":511},"58":{"loc":{"start":{"line":516,"column":30},"end":{"line":518,"column":58}},"type":"binary-expr","locations":[{"start":{"line":516,"column":30},"end":{"line":516,"column":61}},{"start":{"line":517,"column":28},"end":{"line":517,"column":69}},{"start":{"line":518,"column":28},"end":{"line":518,"column":58}}],"line":516},"59":{"loc":{"start":{"line":520,"column":12},"end":{"line":526,"column":13}},"type":"if","locations":[{"start":{"line":520,"column":12},"end":{"line":526,"column":13}},{"start":{},"end":{}}],"line":520},"60":{"loc":{"start":{"line":530,"column":19},"end":{"line":531,"column":93}},"type":"binary-expr","locations":[{"start":{"line":530,"column":19},"end":{"line":530,"column":78}},{"start":{"line":531,"column":19},"end":{"line":531,"column":93}}],"line":530},"61":{"loc":{"start":{"line":561,"column":16},"end":{"line":565,"column":17}},"type":"if","locations":[{"start":{"line":561,"column":16},"end":{"line":565,"column":17}},{"start":{},"end":{}}],"line":561},"62":{"loc":{"start":{"line":570,"column":4},"end":{"line":574,"column":5}},"type":"if","locations":[{"start":{"line":570,"column":4},"end":{"line":574,"column":5}},{"start":{"line":572,"column":11},"end":{"line":574,"column":5}}],"line":570}},"s":{"0":0,"1":0,"2":0,"3":0,"4":0,"5":0,"6":0,"7":0,"8":0,"9":0,"10":0,"11":0,"12":0,"13":0,"14":0,"15":0,"16":0,"17":0,"18":0,"19":0,"20":0,"21":0,"22":0,"23":0,"24":0,"25":0,"26":0,"27":0,"28":0,"29":0,"30":0,"31":0,"32":0,"33":0,"34":0,"35":0,"36":0,"37":0,"38":0,"39":0,"40":0,"41":0,"42":0,"43":0,"44":0,"45":0,"46":0,"47":0,"48":0,"49":0,"50":0,"51":0,"52":0,"53":0,"54":0,"55":0,"56":0,"57":0,"58":0,"59":0,"60":0,"61":0,"62":0,"63":0,"64":0,"65":0,"66":0,"67":0,"68":0,"69":0,"70":0,"71":0,"72":0,"73":0,"74":0,"75":0,"76":0,"77":0,"78":0,"79":0,"80":0,"81":0,"82":0,"83":0,"84":0,"85":0,"86":0,"87":0,"88":0,"89":0,"90":0,"91":0,"92":0,"93":0,"94":0,"95":0,"96":0,"97":0,"98":0,"99":0,"100":0,"101":0,"102":0,"103":0,"104":0,"105":0,"106":0,"107":0,"108":0,"109":0,"110":0,"111":0,"112":0,"113":0,"114":0,"115":0,"116":0,"117":0,"118":0,"119":0,"120":0,"121":0,"122":0,"123":0,"124":0,"125":0,"126":0,"127":0,"128":0,"129":0,"130":0,"131":0,"132":0,"133":0,"134":0,"135":0,"136":0,"137":0,"138":0,"139":0,"140":0,"141":0,"142":0,"143":0,"144":0,"145":0,"146":0,"147":0,"148":0,"149":0,"150":0,"151":0,"152":0,"153":0,"154":0,"155":0,"156":0,"157":0,"158":0,"159":0,"160":0,"161":0,"162":0,"163":0,"164":0,"165":0,"166":0,"167":0,"168":0,"169":0,"170":0,"171":0,"172":0,"173":0,"174":0,"175":0,"176":0,"177":0,"178":0,"179":0,"180":0,"181":0,"182":0,"183":0,"184":0,"185":0,"186":0,"187":0,"188":0,"189":0,"190":0,"191":0,"192":0,"193":0,"194":0,"195":0,"196":0,"197":0,"198":0,"199":0,"200":0,"201":0,"202":0,"203":0,"204":0,"205":0,"206":0,"207":0,"208":0,"209":0,"210":0,"211":0,"212":0,"213":0,"214":0,"215":0,"216":0,"217":0,"218":0,"219":0,"220":0,"221":0,"222":0,"223":0,"224":0,"225":0,"226":0,"227":0,"228":0,"229":0,"230":0,"231":0,"232":0,"233":0,"234":0,"235":0,"236":0,"237":0,"238":0,"239":0,"240":0,"241":0,"242":0,"243":0,"244":0,"245":0,"246":0,"247":0,"248":0,"249":0,"250":0,"251":0,"252":0,"253":0,"254":0,"255":0,"256":0,"257":0,"258":0,"259":0,"260":0,"261":0,"262":0,"263":0,"264":0,"265":0,"266":0,"267":0,"268":0,"269":0,"270":0,"271":0,"272":0,"273":0,"274":0,"275":0,"276":0},"f":{"0":0,"1":0,"2":0,"3":0,"4":0,"5":0,"6":0,"7":0,"8":0,"9":0,"10":0,"11":0,"12":0,"13":0,"14":0,"15":0,"16":0,"17":0,"18":0,"19":0,"20":0,"21":0,"22":0,"23":0,"24":0,"25":0,"26":0,"27":0,"28":0,"29":0,"30":0,"31":0,"32":0,"33":0,"34":0,"35":0,"36":0,"37":0,"38":0,"39":0,"40":0,"41":0,"42":0,"43":0,"44":0,"45":0,"46":0,"47":0,"48":0,"49":0,"50":0,"51":0,"52":0,"53":0,"54":0,"55":0,"56":0,"57":0,"58":0,"59":0,"60":0,"61":0,"62":0,"63":0,"64":0,"65":0,"66":0,"67":0,"68":0,"69":0,"70":0,"71":0,"72":0,"73":0,"74":0,"75":0,"76":0,"77":0,"78":0,"79":0,"80":0,"81":0,"82":0,"83":0,"84":0,"85":0,"86":0,"87":0,"88":0,"89":0},"b":{"0":[0,0],"1":[0,0],"2":[0,0],"3":[0,0],"4":[0,0],"5":[0,0],"6":[0,0],"7":[0,0],"8":[0,0,0],"9":[0,0],"10":[0,0],"11":[0,0],"12":[0,0],"13":[0,0],"14":[0,0],"15":[0,0],"16":[0,0],"17":[0,0],"18":[0,0],"19":[0,0],"20":[0,0],"21":[0,0],"22":[0,0],"23":[0,0],"24":[0,0],"25":[0,0],"26":[0,0],"27":[0,0],"28":[0,0],"29":[0,0],"30":[0,0],"31":[0,0],"32":[0,0],"33":[0,0,0,0],"34":[0,0],"35":[0,0,0],"36":[0,0],"37":[0,0],"38":[0,0],"39":[0,0],"40":[0,0],"41":[0,0],"42":[0,0],"43":[0,0],"44":[0,0],"45":[0,0],"46":[0,0],"47":[0,0],"48":[0,0],"49":[0,0],"50":[0,0],"51":[0,0],"52":[0,0],"53":[0,0],"54":[0,0],"55":[0],"56":[0,0],"57":[0,0],"58":[0,0,0],"59":[0,0],"60":[0,0],"61":[0,0],"62":[0,0]}}
}
