TN:
SF:static/js/main.js
FN:1,(anonymous_0)
FN:13,(anonymous_1)
FN:22,(anonymous_2)
FN:33,(anonymous_3)
FN:51,(anonymous_4)
FN:58,(anonymous_5)
FN:59,(anonymous_6)
FN:60,(anonymous_7)
FN:68,(anonymous_8)
FN:70,(anonymous_9)
FN:77,(anonymous_10)
FN:78,(anonymous_11)
FN:79,(anonymous_12)
FN:86,(anonymous_13)
FN:108,(anonymous_14)
FN:114,(anonymous_15)
FN:122,(anonymous_16)
FN:126,(anonymous_17)
FN:131,(anonymous_18)
FN:148,(anonymous_19)
FN:152,(anonymous_20)
FN:154,(anonymous_21)
FN:160,(anonymous_22)
FN:169,(anonymous_23)
FN:175,(anonymous_24)
FN:186,(anonymous_25)
FN:192,(anonymous_26)
FN:195,(anonymous_27)
FN:196,(anonymous_28)
FN:204,(anonymous_29)
FN:208,(anonymous_30)
FN:211,(anonymous_31)
FN:217,(anonymous_32)
FN:225,(anonymous_33)
FN:244,(anonymous_34)
FN:257,(anonymous_35)
FN:260,(anonymous_36)
FN:266,(anonymous_37)
FN:268,(anonymous_38)
FN:274,(anonymous_39)
FN:277,(anonymous_40)
FN:282,(anonymous_41)
FN:293,(anonymous_42)
FN:301,(anonymous_43)
FN:308,(anonymous_44)
FN:319,(anonymous_45)
FN:320,(anonymous_46)
FN:332,(anonymous_47)
FN:342,(anonymous_48)
FN:345,(anonymous_49)
FN:351,(anonymous_50)
FN:354,(anonymous_51)
FN:360,(anonymous_52)
FN:363,(anonymous_53)
FN:364,(anonymous_54)
FN:369,(anonymous_55)
FN:376,(anonymous_56)
FN:382,(anonymous_57)
FN:385,(anonymous_58)
FN:386,(anonymous_59)
FN:394,(anonymous_60)
FN:402,(anonymous_61)
FN:413,(anonymous_62)
FN:424,(anonymous_63)
FN:427,(anonymous_64)
FN:440,(anonymous_65)
FN:442,(anonymous_66)
FN:457,(anonymous_67)
FN:458,(anonymous_68)
FN:465,(anonymous_69)
FN:474,(anonymous_70)
FN:479,(anonymous_71)
FN:481,(anonymous_72)
FN:491,(anonymous_73)
FN:495,(anonymous_74)
FN:499,(anonymous_75)
FN:523,(anonymous_76)
FN:529,(anonymous_77)
FN:534,(anonymous_78)
FN:539,(anonymous_79)
FN:544,(anonymous_80)
FN:546,executedFunction
FN:547,(anonymous_82)
FN:556,(anonymous_83)
FN:558,(anonymous_84)
FN:564,(anonymous_85)
FN:571,(anonymous_86)
FN:582,(anonymous_87)
FN:586,(anonymous_88)
FN:590,(anonymous_89)
FNF:90
FNH:0
FNDA:0,(anonymous_0)
FNDA:0,(anonymous_1)
FNDA:0,(anonymous_2)
FNDA:0,(anonymous_3)
FNDA:0,(anonymous_4)
FNDA:0,(anonymous_5)
FNDA:0,(anonymous_6)
FNDA:0,(anonymous_7)
FNDA:0,(anonymous_8)
FNDA:0,(anonymous_9)
FNDA:0,(anonymous_10)
FNDA:0,(anonymous_11)
FNDA:0,(anonymous_12)
FNDA:0,(anonymous_13)
FNDA:0,(anonymous_14)
FNDA:0,(anonymous_15)
FNDA:0,(anonymous_16)
FNDA:0,(anonymous_17)
FNDA:0,(anonymous_18)
FNDA:0,(anonymous_19)
FNDA:0,(anonymous_20)
FNDA:0,(anonymous_21)
FNDA:0,(anonymous_22)
FNDA:0,(anonymous_23)
FNDA:0,(anonymous_24)
FNDA:0,(anonymous_25)
FNDA:0,(anonymous_26)
FNDA:0,(anonymous_27)
FNDA:0,(anonymous_28)
FNDA:0,(anonymous_29)
FNDA:0,(anonymous_30)
FNDA:0,(anonymous_31)
FNDA:0,(anonymous_32)
FNDA:0,(anonymous_33)
FNDA:0,(anonymous_34)
FNDA:0,(anonymous_35)
FNDA:0,(anonymous_36)
FNDA:0,(anonymous_37)
FNDA:0,(anonymous_38)
FNDA:0,(anonymous_39)
FNDA:0,(anonymous_40)
FNDA:0,(anonymous_41)
FNDA:0,(anonymous_42)
FNDA:0,(anonymous_43)
FNDA:0,(anonymous_44)
FNDA:0,(anonymous_45)
FNDA:0,(anonymous_46)
FNDA:0,(anonymous_47)
FNDA:0,(anonymous_48)
FNDA:0,(anonymous_49)
FNDA:0,(anonymous_50)
FNDA:0,(anonymous_51)
FNDA:0,(anonymous_52)
FNDA:0,(anonymous_53)
FNDA:0,(anonymous_54)
FNDA:0,(anonymous_55)
FNDA:0,(anonymous_56)
FNDA:0,(anonymous_57)
FNDA:0,(anonymous_58)
FNDA:0,(anonymous_59)
FNDA:0,(anonymous_60)
FNDA:0,(anonymous_61)
FNDA:0,(anonymous_62)
FNDA:0,(anonymous_63)
FNDA:0,(anonymous_64)
FNDA:0,(anonymous_65)
FNDA:0,(anonymous_66)
FNDA:0,(anonymous_67)
FNDA:0,(anonymous_68)
FNDA:0,(anonymous_69)
FNDA:0,(anonymous_70)
FNDA:0,(anonymous_71)
FNDA:0,(anonymous_72)
FNDA:0,(anonymous_73)
FNDA:0,(anonymous_74)
FNDA:0,(anonymous_75)
FNDA:0,(anonymous_76)
FNDA:0,(anonymous_77)
FNDA:0,(anonymous_78)
FNDA:0,(anonymous_79)
FNDA:0,(anonymous_80)
FNDA:0,executedFunction
FNDA:0,(anonymous_82)
FNDA:0,(anonymous_83)
FNDA:0,(anonymous_84)
FNDA:0,(anonymous_85)
FNDA:0,(anonymous_86)
FNDA:0,(anonymous_87)
FNDA:0,(anonymous_88)
FNDA:0,(anonymous_89)
DA:1,0
DA:4,0
DA:14,0
DA:15,0
DA:16,0
DA:17,0
DA:19,0
DA:23,0
DA:34,0
DA:36,0
DA:38,0
DA:40,0
DA:42,0
DA:44,0
DA:46,0
DA:47,0
DA:48,0
DA:52,0
DA:53,0
DA:54,0
DA:55,0
DA:59,0
DA:60,0
DA:61,0
DA:62,0
DA:69,0
DA:70,0
DA:71,0
DA:72,0
DA:78,0
DA:79,0
DA:80,0
DA:81,0
DA:87,0
DA:88,0
DA:90,0
DA:91,0
DA:92,0
DA:94,0
DA:95,0
DA:96,0
DA:97,0
DA:98,0
DA:101,0
DA:109,0
DA:110,0
DA:112,0
DA:115,0
DA:116,0
DA:117,0
DA:119,0
DA:123,0
DA:124,0
DA:127,0
DA:132,0
DA:133,0
DA:134,0
DA:135,0
DA:136,0
DA:137,0
DA:140,0
DA:141,0
DA:142,0
DA:143,0
DA:149,0
DA:152,0
DA:153,0
DA:154,0
DA:155,0
DA:161,0
DA:163,0
DA:164,0
DA:166,0
DA:168,0
DA:170,0
DA:171,0
DA:173,0
DA:176,0
DA:177,0
DA:179,0
DA:187,0
DA:188,0
DA:193,0
DA:195,0
DA:196,0
DA:197,0
DA:198,0
DA:205,0
DA:206,0
DA:208,0
DA:209,0
DA:211,0
DA:212,0
DA:213,0
DA:217,0
DA:218,0
DA:219,0
DA:220,0
DA:224,0
DA:225,0
DA:226,0
DA:227,0
DA:228,0
DA:232,0
DA:233,0
DA:234,0
DA:235,0
DA:236,0
DA:237,0
DA:241,0
DA:245,0
DA:247,0
DA:248,0
DA:249,0
DA:250,0
DA:251,0
DA:254,0
DA:258,0
DA:259,0
DA:260,0
DA:261,0
DA:267,0
DA:269,0
DA:270,0
DA:272,0
DA:275,0
DA:278,0
DA:283,0
DA:285,0
DA:293,0
DA:294,0
DA:295,0
DA:296,0
DA:302,0
DA:303,0
DA:304,0
DA:305,0
DA:306,0
DA:308,0
DA:309,0
DA:310,0
DA:312,0
DA:313,0
DA:314,0
DA:320,0
DA:322,0
DA:323,0
DA:324,0
DA:325,0
DA:326,0
DA:330,0
DA:331,0
DA:332,0
DA:333,0
DA:334,0
DA:335,0
DA:343,0
DA:344,0
DA:345,0
DA:346,0
DA:352,0
DA:353,0
DA:354,0
DA:355,0
DA:361,0
DA:363,0
DA:364,0
DA:365,0
DA:366,0
DA:367,0
DA:369,0
DA:370,0
DA:376,0
DA:377,0
DA:378,0
DA:383,0
DA:385,0
DA:386,0
DA:387,0
DA:388,0
DA:389,0
DA:394,0
DA:395,0
DA:396,0
DA:397,0
DA:398,0
DA:404,0
DA:406,0
DA:408,0
DA:410,0
DA:414,0
DA:415,0
DA:416,0
DA:417,0
DA:418,0
DA:419,0
DA:420,0
DA:425,0
DA:427,0
DA:428,0
DA:429,0
DA:430,0
DA:431,0
DA:432,0
DA:433,0
DA:441,0
DA:442,0
DA:443,0
DA:446,0
DA:447,0
DA:448,0
DA:451,0
DA:452,0
DA:453,0
DA:458,0
DA:459,0
DA:462,0
DA:466,0
DA:467,0
DA:468,0
DA:469,0
DA:470,0
DA:471,0
DA:472,0
DA:474,0
DA:475,0
DA:480,0
DA:481,0
DA:482,0
DA:485,0
DA:486,0
DA:487,0
DA:492,0
DA:496,0
DA:500,0
DA:507,0
DA:508,0
DA:509,0
DA:510,0
DA:516,0
DA:520,0
DA:521,0
DA:523,0
DA:524,0
DA:530,0
DA:535,0
DA:536,0
DA:540,0
DA:541,0
DA:546,0
DA:547,0
DA:548,0
DA:549,0
DA:551,0
DA:552,0
DA:558,0
DA:559,0
DA:560,0
DA:561,0
DA:562,0
DA:563,0
DA:564,0
DA:570,0
DA:571,0
DA:573,0
DA:576,0
DA:582,0
DA:583,0
DA:586,0
DA:587,0
DA:590,0
DA:591,0
LF:272
LH:0
BRDA:61,0,0,0
BRDA:61,0,1,0
BRDA:61,1,0,0
BRDA:61,1,1,0
BRDA:71,2,0,0
BRDA:71,2,1,0
BRDA:95,3,0,0
BRDA:95,3,1,0
BRDA:109,4,0,0
BRDA:109,4,1,0
BRDA:115,5,0,0
BRDA:115,5,1,0
BRDA:119,6,0,0
BRDA:119,6,1,0
BRDA:133,7,0,0
BRDA:133,7,1,0
BRDA:133,8,0,0
BRDA:133,8,1,0
BRDA:133,8,2,0
BRDA:135,9,0,0
BRDA:135,9,1,0
BRDA:141,10,0,0
BRDA:141,10,1,0
BRDA:141,11,0,0
BRDA:141,11,1,0
BRDA:149,12,0,0
BRDA:149,12,1,0
BRDA:161,13,0,0
BRDA:161,13,1,0
BRDA:164,14,0,0
BRDA:164,14,1,0
BRDA:170,15,0,0
BRDA:170,15,1,0
BRDA:176,16,0,0
BRDA:176,16,1,0
BRDA:177,17,0,0
BRDA:177,17,1,0
BRDA:197,18,0,0
BRDA:197,18,1,0
BRDA:212,19,0,0
BRDA:212,19,1,0
BRDA:218,20,0,0
BRDA:218,20,1,0
BRDA:226,21,0,0
BRDA:226,21,1,0
BRDA:226,22,0,0
BRDA:226,22,1,0
BRDA:233,23,0,0
BRDA:233,23,1,0
BRDA:235,24,0,0
BRDA:235,24,1,0
BRDA:248,25,0,0
BRDA:248,25,1,0
BRDA:258,26,0,0
BRDA:258,26,1,0
BRDA:269,27,0,0
BRDA:269,27,1,0
BRDA:283,28,0,0
BRDA:283,28,1,0
BRDA:295,29,0,0
BRDA:295,29,1,0
BRDA:295,30,0,0
BRDA:295,30,1,0
BRDA:296,31,0,0
BRDA:296,31,1,0
BRDA:312,32,0,0
BRDA:312,32,1,0
BRDA:312,33,0,0
BRDA:312,33,1,0
BRDA:312,33,2,0
BRDA:312,33,3,0
BRDA:322,34,0,0
BRDA:322,34,1,0
BRDA:322,35,0,0
BRDA:322,35,1,0
BRDA:322,35,2,0
BRDA:325,36,0,0
BRDA:325,36,1,0
BRDA:330,37,0,0
BRDA:330,37,1,0
BRDA:334,38,0,0
BRDA:334,38,1,0
BRDA:334,39,0,0
BRDA:334,39,1,0
BRDA:344,40,0,0
BRDA:344,40,1,0
BRDA:344,41,0,0
BRDA:344,41,1,0
BRDA:353,42,0,0
BRDA:353,42,1,0
BRDA:353,43,0,0
BRDA:353,43,1,0
BRDA:365,44,0,0
BRDA:365,44,1,0
BRDA:387,45,0,0
BRDA:387,45,1,0
BRDA:415,46,0,0
BRDA:415,46,1,0
BRDA:428,47,0,0
BRDA:428,47,1,0
BRDA:428,48,0,0
BRDA:428,48,1,0
BRDA:430,49,0,0
BRDA:430,49,1,0
BRDA:431,50,0,0
BRDA:431,50,1,0
BRDA:432,51,0,0
BRDA:432,51,1,0
BRDA:447,52,0,0
BRDA:447,52,1,0
BRDA:452,53,0,0
BRDA:452,53,1,0
BRDA:485,54,0,0
BRDA:485,54,1,0
BRDA:499,55,0,0
BRDA:508,56,0,0
BRDA:508,56,1,0
BRDA:511,57,0,0
BRDA:511,57,1,0
BRDA:516,58,0,0
BRDA:516,58,1,0
BRDA:516,58,2,0
BRDA:520,59,0,0
BRDA:520,59,1,0
BRDA:530,60,0,0
BRDA:530,60,1,0
BRDA:561,61,0,0
BRDA:561,61,1,0
BRDA:570,62,0,0
BRDA:570,62,1,0
BRF:130
BRH:0
end_of_record
